This is XeTeX, Version 3.1415926-2.5-0.9999.3 (TeX Live 2013/W32TeX) (format=xelatex 2013.9.21)  14 MAR 2014 23:01
entering extended mode
 restricted \write18 enabled.
 %&-line parsing enabled.
**report1.tex
(./report1.tex
LaTeX2e <2011/06/27>
Babel <3.9f> and hyphenation patterns for 78 languages loaded.
(c:/texlive/2013/texmf-dist/tex/latex/base/article.cls
Document Class: article 2007/10/19 v1.4h Standard LaTeX document class
(c:/texlive/2013/texmf-dist/tex/latex/base/size10.clo
File: size10.clo 2007/10/19 v1.4h Standard LaTeX file (size option)
)
\c@part=\count80
\c@section=\count81
\c@subsection=\count82
\c@subsubsection=\count83
\c@paragraph=\count84
\c@subparagraph=\count85
\c@figure=\count86
\c@table=\count87
\abovecaptionskip=\skip41
\belowcaptionskip=\skip42
\bibindent=\dimen102
)
(c:/texlive/2013/texmf-dist/tex/latex/amsmath/amsmath.sty
Package: amsmath 2013/01/14 v2.14 AMS math features
\@mathmargin=\skip43

For additional information on amsmath, use the `?' option.
(c:/texlive/2013/texmf-dist/tex/latex/amsmath/amstext.sty
Package: amstext 2000/06/29 v2.01

(c:/texlive/2013/texmf-dist/tex/latex/amsmath/amsgen.sty
File: amsgen.sty 1999/11/30 v2.0
\@emptytoks=\toks14
\ex@=\dimen103
))
(c:/texlive/2013/texmf-dist/tex/latex/amsmath/amsbsy.sty
Package: amsbsy 1999/11/29 v1.2d
\pmbraise@=\dimen104
)
(c:/texlive/2013/texmf-dist/tex/latex/amsmath/amsopn.sty
Package: amsopn 1999/12/14 v2.01 operator names
)
\inf@bad=\count88
LaTeX Info: Redefining \frac on input line 210.
\uproot@=\count89
\leftroot@=\count90
LaTeX Info: Redefining \overline on input line 306.
\classnum@=\count91
\DOTSCASE@=\count92
LaTeX Info: Redefining \ldots on input line 378.
LaTeX Info: Redefining \dots on input line 381.
LaTeX Info: Redefining \cdots on input line 466.
\Mathstrutbox@=\box26
\strutbox@=\box27
\big@size=\dimen105
LaTeX Font Info:    Redeclaring font encoding OML on input line 566.
LaTeX Font Info:    Redeclaring font encoding OMS on input line 567.
\macc@depth=\count93
\c@MaxMatrixCols=\count94
\dotsspace@=\muskip10
\c@parentequation=\count95
\dspbrk@lvl=\count96
\tag@help=\toks15
\row@=\count97
\column@=\count98
\maxfields@=\count99
\andhelp@=\toks16
\eqnshift@=\dimen106
\alignsep@=\dimen107
\tagshift@=\dimen108
\tagwidth@=\dimen109
\totwidth@=\dimen110
\lineht@=\dimen111
\@envbody=\toks17
\multlinegap=\skip44
\multlinetaggap=\skip45
\mathdisplay@stack=\toks18
LaTeX Info: Redefining \[ on input line 2665.
LaTeX Info: Redefining \] on input line 2666.
)
(c:/texlive/2013/texmf-dist/tex/latex/algorithms/algorithm.sty
Invalid UTF-8 byte or sequence at line 11 replaced by U+FFFD.
Package: algorithm 2009/08/24 v0.1 Document Style `algorithm' - floating enviro
nment

(c:/texlive/2013/texmf-dist/tex/latex/float/float.sty
Package: float 2001/11/08 v1.3d Float enhancements (AL)
\c@float@type=\count100
\float@exts=\toks19
\float@box=\box28
\@float@everytoks=\toks20
\@floatcapt=\box29
)
(c:/texlive/2013/texmf-dist/tex/latex/base/ifthen.sty
Package: ifthen 2001/05/26 v1.1c Standard LaTeX ifthen package (DPC)
)
\@float@every@algorithm=\toks21
\c@algorithm=\count101
)
(c:/texlive/2013/texmf-dist/tex/latex/algorithmicx/algpseudocode.sty
Package: algpseudocode 

(c:/texlive/2013/texmf-dist/tex/latex/algorithmicx/algorithmicx.sty
Package: algorithmicx 2005/04/27 v1.2 Algorithmicx

Document Style algorithmicx 1.2 - a greatly improved `algorithmic' style
\c@ALG@line=\count102
\c@ALG@rem=\count103
\c@ALG@nested=\count104
\ALG@tlm=\skip46
\ALG@thistlm=\skip47
\c@ALG@Lnr=\count105
\c@ALG@blocknr=\count106
\c@ALG@storecount=\count107
\c@ALG@tmpcounter=\count108
\ALG@tmplength=\skip48
)
Document Style - pseudocode environments for use with the `algorithmicx' style
) (./report1.aux)
\openout1 = `report1.aux'.

LaTeX Font Info:    Checking defaults for OML/cmm/m/it on input line 12.
LaTeX Font Info:    ... okay on input line 12.
LaTeX Font Info:    Checking defaults for T1/cmr/m/n on input line 12.
LaTeX Font Info:    ... okay on input line 12.
LaTeX Font Info:    Checking defaults for OT1/cmr/m/n on input line 12.
LaTeX Font Info:    ... okay on input line 12.
LaTeX Font Info:    Checking defaults for OMS/cmsy/m/n on input line 12.
LaTeX Font Info:    ... okay on input line 12.
LaTeX Font Info:    Checking defaults for OMX/cmex/m/n on input line 12.
LaTeX Font Info:    ... okay on input line 12.
LaTeX Font Info:    Checking defaults for U/cmr/m/n on input line 12.
LaTeX Font Info:    ... okay on input line 12.
 (./report1.toc
LaTeX Font Info:    Font shape `OT1/cmtt/bx/n' in size <10> not available
(Font)              Font shape `OT1/cmtt/m/n' tried instead on input line 1.
 [1

])
\tf@toc=\write3
\openout3 = `report1.toc'.

LaTeX Font Info:    Font shape `OT1/cmtt/bx/n' in size <14.4> not available
(Font)              Font shape `OT1/cmtt/m/n' tried instead on input line 15.
 [2] [3]
Overfull \hbox (2.2783pt too wide) in paragraph at lines 87--88
[]\OT1/cmr/m/n/10 The as-so-ci-ated lock must be held by cur-rent thread be-for
e the method. 
 []


Overfull \hbox (2.2783pt too wide) in paragraph at lines 92--93
[]\OT1/cmr/m/n/10 The as-so-ci-ated lock must be held by cur-rent thread be-for
e the method. 
 []


Overfull \hbox (7.63777pt too wide) in paragraph at lines 97--98
[]\OT1/cmr/m/n/10 Add new state vari-able \OT1/cmtt/m/n/10 waitQueue \OT1/cmr/m
/n/10 which is a \OT1/cmtt/m/n/10 ThreadQueue \OT1/cmr/m/n/10 into \OT1/cmtt/m/
n/10 Condition2\OT1/cmr/m/n/10 . 
 []

[4] [5] [6]
Overfull \hbox (34.30615pt too wide) in paragraph at lines 202--204
\OT1/cmr/m/n/10 speaker, so the wait-ing speaker(listener) will be blocked by a
c-tive speaker(listener). 
 []

[7] [8] [9] [10] [11] [12] [13]
Overfull \hbox (18.71944pt too wide) in paragraph at lines 462--463
\OT1/cmtt/m/n/10 waitOnOahuCondition\OT1/cmr/m/n/10 , \OT1/cmtt/m/n/10 waitBoar
dingCondition\OT1/cmr/m/n/10 , \OT1/cmtt/m/n/10 waitOnMolokaiCondition\OT1/cmr/
m/n/10 ,
 []


LaTeX Warning: Float too large for page by 30.08885pt on input line 548.

[14] [15] [16] (./report1.aux) ) 
Here is how much of TeX's memory you used:
 1495 strings out of 493934
 18521 string characters out of 6151923
 87399 words of memory out of 5000000
 4836 multiletter control sequences out of 15000+600000
 9661 words of font info for 36 fonts, out of 8000000 for 9000
 1144 hyphenation exceptions out of 8191
 27i,6n,20p,417b,282s stack positions out of 5000i,500n,10000p,200000b,80000s

Output written on report1.pdf (16 pages).
